2017/03/31 2:11:53 にビルドを開始しました。
     1>ノード 2 上のプロジェクト "C:\Users\Selector\Documents\Visual Studio 2015\Projects\GitHub\EmptyProject\EmptyProject\EmptyProject.vcxproj" (build ターゲット)。
     1>InitializeBuildStatus:
         "AlwaysCreate" が指定されたため "Debug\EmptyProject.unsuccessfulbuild" を作成しています。
       ClCompile:
         C:\Program Files (x86)\Microsoft Visual Studio 10.0\VC\bin\CL.exe /c /ZI /nologo /W3 /WX- /Od /Oy- /D _MBCS /Gm /EHsc /RTC1 /MDd /GS /fp:precise /Zc:wchar_t /Zc:forScope /Fo"Debug\\" /Fd"Debug\vc100.pdb" /Gd /TP /analyze- /errorReport:prompt main.cpp Selector.cpp
         Selector.cpp
         main.cpp
         コードを生成中...
       Link:
         C:\Program Files (x86)\Microsoft Visual Studio 10.0\VC\bin\link.exe /ERRORREPORT:PROMPT /OUT:"C:\Users\Selector\Documents\Visual Studio 2015\Projects\GitHub\EmptyProject\Debug\EmptyProject.exe" /NOLOGO kernel32.lib user32.lib gdi32.lib winspool.lib comdlg32.lib advapi32.lib shell32.lib ole32.lib oleaut32.lib uuid.lib odbc32.lib odbccp32.lib /MANIFEST /ManifestFile:"Debug\EmptyProject.exe.intermediate.manifest" /MANIFESTUAC:"level='asInvoker' uiAccess='false'" /PDB:"C:\Users\Selector\Documents\Visual Studio 2015\Projects\GitHub\EmptyProject\Debug\EmptyProject.pdb" /TLBID:1 /DYNAMICBASE /NXCOMPAT /IMPLIB:"C:\Users\Selector\Documents\Visual Studio 2015\Projects\GitHub\EmptyProject\Debug\EmptyProject.lib" /MACHINE:X86 Debug\main.obj
         Debug\Selector.obj
     1>main.obj : warning LNK4075: /EDITANDCONTINUE は /OPT:ICF の指定によって無視されます。
         EmptyProject.vcxproj -> C:\Users\Selector\Documents\Visual Studio 2015\Projects\GitHub\EmptyProject\Debug\EmptyProject.exe
       Manifest:
         C:\Program Files (x86)\Microsoft SDKs\Windows\v7.0A\bin\mt.exe /nologo /verbose /outputresource:"C:\Users\Selector\Documents\Visual Studio 2015\Projects\GitHub\EmptyProject\Debug\EmptyProject.exe;#1" /manifest Debug\EmptyProject.exe.intermediate.manifest
       FinalizeBuildStatus:
         ファイル "Debug\EmptyProject.unsuccessfulbuild" を削除しています。
         "Debug\EmptyProject.lastbuildstate" のタッチ タスクを実行しています。
     1>プロジェクト "C:\Users\Selector\Documents\Visual Studio 2015\Projects\GitHub\EmptyProject\EmptyProject\EmptyProject.vcxproj" (build ターゲット) のビルドが完了しました。

ビルドに成功しました。

経過時間 00:00:02.91
